0 verbose cli C:\Program Files\nodejs\node.exe C:\Program Files\nodejs\node_modules\npm\bin\npm-cli.js
1 info using npm@10.9.2
2 info using node@v22.15.0
3 silly config load:file:C:\Program Files\nodejs\node_modules\npm\npmrc
4 silly config load:file:Y:\Eternyx\.npmrc
5 silly config load:file:C:\Users\adity\.npmrc
6 silly config load:file:C:\Users\adity\AppData\Roaming\npm\etc\npmrc
7 verbose title npm install mysql2 dotenv
8 verbose argv "install" "mysql2" "dotenv" "--cache" ".npm-cache"
9 verbose logfile logs-max:10 dir:Y:\Eternyx\.npm-cache\_logs\2026-05-21T05_28_40_156Z-
10 verbose logfile Y:\Eternyx\.npm-cache\_logs\2026-05-21T05_28_40_156Z-debug-0.log
11 silly logfile done cleaning log files
12 silly packumentCache heap:2197815296 maxSize:549453824 maxEntrySize:274726912
13 silly idealTree buildDeps
14 silly fetch manifest mysql2@*
15 silly packumentCache full:https://registry.npmjs.org/mysql2 cache-miss
16 http fetch GET 200 https://registry.npmjs.org/npm 528ms
17 http fetch GET 200 https://registry.npmjs.org/mysql2 486ms (cache miss)
18 silly packumentCache full:https://registry.npmjs.org/mysql2 set size:undefined disposed:false
19 silly fetch manifest @types/node@^20
20 silly packumentCache full:https://registry.npmjs.org/@types%2fnode cache-miss
21 http fetch GET 200 https://registry.npmjs.org/@types%2fnode 403ms (cache miss)
22 silly packumentCache full:https://registry.npmjs.org/@types%2fnode set size:undefined disposed:false
23 silly fetch manifest dotenv@*
24 silly packumentCache full:https://registry.npmjs.org/dotenv cache-miss
25 http fetch GET 200 https://registry.npmjs.org/dotenv 330ms (cache miss)
26 silly packumentCache full:https://registry.npmjs.org/dotenv set size:undefined disposed:false
27 silly placeDep ROOT dotenv@17.4.2 OK for: eternyx@0.1.0 want: *
28 silly placeDep ROOT mysql2@3.22.3 OK for: eternyx@0.1.0 want: *
29 silly fetch manifest aws-ssl-profiles@^1.1.2
30 silly packumentCache full:https://registry.npmjs.org/aws-ssl-profiles cache-miss
31 silly fetch manifest denque@^2.1.0
32 silly packumentCache full:https://registry.npmjs.org/denque cache-miss
33 silly fetch manifest generate-function@^2.3.1
34 silly packumentCache full:https://registry.npmjs.org/generate-function cache-miss
35 http fetch GET 200 https://registry.npmjs.org/aws-ssl-profiles 294ms (cache miss)
36 silly packumentCache full:https://registry.npmjs.org/aws-ssl-profiles set size:undefined disposed:false
37 silly fetch manifest iconv-lite@^0.7.2
38 silly packumentCache full:https://registry.npmjs.org/iconv-lite cache-miss
39 http fetch GET 200 https://registry.npmjs.org/denque 296ms (cache miss)
40 silly packumentCache full:https://registry.npmjs.org/denque set size:undefined disposed:false
41 silly fetch manifest long@^5.3.2
42 silly packumentCache full:https://registry.npmjs.org/long cache-miss
43 http fetch GET 200 https://registry.npmjs.org/long 47ms (cache miss)
44 silly packumentCache full:https://registry.npmjs.org/long set size:undefined disposed:false
45 silly fetch manifest lru.min@^1.1.4
46 silly packumentCache full:https://registry.npmjs.org/lru.min cache-miss
47 http fetch GET 200 https://registry.npmjs.org/iconv-lite 52ms (cache miss)
48 silly packumentCache full:https://registry.npmjs.org/iconv-lite set size:undefined disposed:false
49 silly fetch manifest named-placeholders@^1.1.6
50 silly packumentCache full:https://registry.npmjs.org/named-placeholders cache-miss
51 http fetch GET 200 https://registry.npmjs.org/generate-function 385ms (cache miss)
52 silly packumentCache full:https://registry.npmjs.org/generate-function set size:undefined disposed:false
53 silly fetch manifest sql-escaper@^1.3.3
54 silly packumentCache full:https://registry.npmjs.org/sql-escaper cache-miss
55 http fetch GET 200 https://registry.npmjs.org/named-placeholders 304ms (cache miss)
56 silly packumentCache full:https://registry.npmjs.org/named-placeholders set size:undefined disposed:false
57 http fetch GET 200 https://registry.npmjs.org/lru.min 314ms (cache miss)
58 silly packumentCache full:https://registry.npmjs.org/lru.min set size:undefined disposed:false
59 http fetch GET 200 https://registry.npmjs.org/sql-escaper 304ms (cache miss)
60 silly packumentCache full:https://registry.npmjs.org/sql-escaper set size:undefined disposed:false
61 silly placeDep ROOT aws-ssl-profiles@1.1.2 OK for: mysql2@3.22.3 want: ^1.1.2
62 silly placeDep ROOT denque@2.1.0 OK for: mysql2@3.22.3 want: ^2.1.0
63 silly placeDep ROOT generate-function@2.3.1 OK for: mysql2@3.22.3 want: ^2.3.1
64 silly placeDep ROOT iconv-lite@0.7.2 OK for: mysql2@3.22.3 want: ^0.7.2
65 silly placeDep ROOT long@5.3.2 OK for: mysql2@3.22.3 want: ^5.3.2
66 silly placeDep ROOT lru.min@1.1.4 OK for: mysql2@3.22.3 want: ^1.1.4
67 silly placeDep ROOT named-placeholders@1.1.6 OK for: mysql2@3.22.3 want: ^1.1.6
68 silly placeDep ROOT sql-escaper@1.3.3 OK for: mysql2@3.22.3 want: ^1.3.3
69 silly fetch manifest is-property@^1.0.2
70 silly packumentCache full:https://registry.npmjs.org/is-property cache-miss
71 silly fetch manifest safer-buffer@>= 2.1.2 < 3.0.0
72 silly packumentCache full:https://registry.npmjs.org/safer-buffer cache-miss
73 http fetch GET 200 https://registry.npmjs.org/safer-buffer 38ms (cache miss)
74 silly packumentCache full:https://registry.npmjs.org/safer-buffer set size:undefined disposed:false
75 http fetch GET 200 https://registry.npmjs.org/is-property 291ms (cache miss)
76 silly packumentCache full:https://registry.npmjs.org/is-property set size:undefined disposed:false
77 silly placeDep ROOT is-property@1.0.2 OK for: generate-function@2.3.1 want: ^1.0.2
78 silly placeDep ROOT safer-buffer@2.1.2 OK for: iconv-lite@0.7.2 want: >= 2.1.2 < 3.0.0
79 silly reify moves {}
80 silly audit bulk request {
80 silly audit   '@babel/code-frame': [ '7.29.0' ],
80 silly audit   '@babel/compat-data': [ '7.29.3' ],
80 silly audit   '@babel/core': [ '7.29.0' ],
80 silly audit   '@babel/generator': [ '7.29.1' ],
80 silly audit   '@babel/helper-compilation-targets': [ '7.28.6' ],
80 silly audit   '@babel/helper-globals': [ '7.28.0' ],
80 silly audit   '@babel/helper-module-imports': [ '7.28.6' ],
80 silly audit   '@babel/helper-module-transforms': [ '7.28.6' ],
80 silly audit   '@babel/helper-string-parser': [ '7.27.1' ],
80 silly audit   '@babel/helper-validator-identifier': [ '7.28.5' ],
80 silly audit   '@babel/helper-validator-option': [ '7.27.1' ],
80 silly audit   '@babel/helpers': [ '7.29.2' ],
80 silly audit   '@babel/parser': [ '7.29.3' ],
80 silly audit   '@babel/runtime': [ '7.29.2' ],
80 silly audit   '@babel/template': [ '7.28.6' ],
80 silly audit   '@babel/traverse': [ '7.29.0' ],
80 silly audit   '@babel/types': [ '7.29.0' ],
80 silly audit   '@emnapi/core': [ '1.10.0' ],
80 silly audit   '@emnapi/runtime': [ '1.10.0' ],
80 silly audit   '@emnapi/wasi-threads': [ '1.2.1' ],
80 silly audit   '@eslint-community/eslint-utils': [ '4.9.1' ],
80 silly audit   'eslint-visitor-keys': [ '3.4.3', '5.0.1', '4.2.1' ],
80 silly audit   '@eslint-community/regexpp': [ '4.12.2' ],
80 silly audit   '@eslint/config-array': [ '0.21.2' ],
80 silly audit   '@eslint/config-helpers': [ '0.4.2' ],
80 silly audit   '@eslint/core': [ '0.17.0' ],
80 silly audit   '@eslint/eslintrc': [ '3.3.5' ],
80 silly audit   '@eslint/js': [ '9.39.4' ],
80 silly audit   '@eslint/object-schema': [ '2.1.7' ],
80 silly audit   '@eslint/plugin-kit': [ '0.4.1' ],
80 silly audit   '@floating-ui/core': [ '1.7.5' ],
80 silly audit   '@floating-ui/dom': [ '1.7.6' ],
80 silly audit   '@floating-ui/utils': [ '0.2.11' ],
80 silly audit   '@hello-pangea/dnd': [ '18.0.1' ],
80 silly audit   '@humanfs/core': [ '0.19.2' ],
80 silly audit   '@humanfs/node': [ '0.16.8' ],
80 silly audit   '@humanfs/types': [ '0.15.0' ],
80 silly audit   '@humanwhocodes/module-importer': [ '1.0.1' ],
80 silly audit   '@humanwhocodes/retry': [ '0.4.3' ],
80 silly audit   '@img/colour': [ '1.1.0' ],
80 silly audit   '@img/sharp-darwin-arm64': [ '0.34.5' ],
80 silly audit   '@img/sharp-darwin-x64': [ '0.34.5' ],
80 silly audit   '@img/sharp-libvips-darwin-arm64': [ '1.2.4' ],
80 silly audit   '@img/sharp-libvips-darwin-x64': [ '1.2.4' ],
80 silly audit   '@img/sharp-libvips-linux-arm': [ '1.2.4' ],
80 silly audit   '@img/sharp-libvips-linux-arm64': [ '1.2.4' ],
80 silly audit   '@img/sharp-libvips-linux-ppc64': [ '1.2.4' ],
80 silly audit   '@img/sharp-libvips-linux-riscv64': [ '1.2.4' ],
80 silly audit   '@img/sharp-libvips-linux-s390x': [ '1.2.4' ],
80 silly audit   '@img/sharp-libvips-linux-x64': [ '1.2.4' ],
80 silly audit   '@img/sharp-libvips-linuxmusl-arm64': [ '1.2.4' ],
80 silly audit   '@img/sharp-libvips-linuxmusl-x64': [ '1.2.4' ],
80 silly audit   '@img/sharp-linux-arm': [ '0.34.5' ],
80 silly audit   '@img/sharp-linux-arm64': [ '0.34.5' ],
80 silly audit   '@img/sharp-linux-ppc64': [ '0.34.5' ],
80 silly audit   '@img/sharp-linux-riscv64': [ '0.34.5' ],
80 silly audit   '@img/sharp-linux-s390x': [ '0.34.5' ],
80 silly audit   '@img/sharp-linux-x64': [ '0.34.5' ],
80 silly audit   '@img/sharp-linuxmusl-arm64': [ '0.34.5' ],
80 silly audit   '@img/sharp-linuxmusl-x64': [ '0.34.5' ],
80 silly audit   '@img/sharp-wasm32': [ '0.34.5' ],
80 silly audit   '@img/sharp-win32-arm64': [ '0.34.5' ],
80 silly audit   '@img/sharp-win32-ia32': [ '0.34.5' ],
80 silly audit   '@img/sharp-win32-x64': [ '0.34.5' ],
80 silly audit   '@jridgewell/gen-mapping': [ '0.3.13' ],
80 silly audit   '@jridgewell/remapping': [ '2.3.5' ],
80 silly audit   '@jridgewell/resolve-uri': [ '3.1.2' ],
80 silly audit   '@jridgewell/sourcemap-codec': [ '1.5.5' ],
80 silly audit   '@jridgewell/trace-mapping': [ '0.3.31' ],
80 silly audit   '@napi-rs/wasm-runtime': [ '0.2.12' ],
80 silly audit   '@next/env': [ '16.2.6' ],
80 silly audit   '@next/eslint-plugin-next': [ '16.2.6' ],
80 silly audit   '@next/swc-darwin-arm64': [ '16.2.6' ],
80 silly audit   '@next/swc-darwin-x64': [ '16.2.6' ],
80 silly audit   '@next/swc-linux-arm64-gnu': [ '16.2.6' ],
80 silly audit   '@next/swc-linux-arm64-musl': [ '16.2.6' ],
80 silly audit   '@next/swc-linux-x64-gnu': [ '16.2.6' ],
80 silly audit   '@next/swc-linux-x64-musl': [ '16.2.6' ],
80 silly audit   '@next/swc-win32-arm64-msvc': [ '16.2.6' ],
80 silly audit   '@next/swc-win32-x64-msvc': [ '16.2.6' ],
80 silly audit   '@nodelib/fs.scandir': [ '2.1.5' ],
80 silly audit   '@nodelib/fs.stat': [ '2.0.5' ],
80 silly audit   '@nodelib/fs.walk': [ '1.2.8' ],
80 silly audit   '@nolyfill/is-core-module': [ '1.0.39' ],
80 silly audit   '@reduxjs/toolkit': [ '2.12.0' ],
80 silly audit   immer: [ '11.1.8', '10.2.0' ],
80 silly audit   '@rtsao/scc': [ '1.1.0' ],
80 silly audit   '@standard-schema/spec': [ '1.1.0' ],
80 silly audit   '@standard-schema/utils': [ '0.3.0' ],
80 silly audit   '@swc/helpers': [ '0.5.15' ],
80 silly audit   '@tiptap/core': [ '3.23.5' ],
80 silly audit   '@tiptap/extension-blockquote': [ '3.23.5' ],
80 silly audit   '@tiptap/extension-bold': [ '3.23.5' ],
80 silly audit   '@tiptap/extension-bubble-menu': [ '3.23.5' ],
80 silly audit   '@tiptap/extension-bullet-list': [ '3.23.5' ],
80 silly audit   '@tiptap/extension-code': [ '3.23.5' ],
80 silly audit   '@tiptap/extension-code-block': [ '3.23.5' ],
80 silly audit   '@tiptap/extension-document': [ '3.23.5' ],
80 silly audit   '@tiptap/extension-dropcursor': [ '3.23.5' ],
80 silly audit   '@tiptap/extension-floating-menu': [ '3.23.5' ],
80 silly audit   '@tiptap/extension-gapcursor': [ '3.23.5' ],
80 silly audit   '@tiptap/extension-hard-break': [ '3.23.5' ],
80 silly audit   '@tiptap/extension-heading': [ '3.23.5' ],
80 silly audit   '@tiptap/extension-horizontal-rule': [ '3.23.5' ],
80 silly audit   '@tiptap/extension-italic': [ '3.23.5' ],
80 silly audit   '@tiptap/extension-link': [ '3.23.5' ],
80 silly audit   '@tiptap/extension-list': [ '3.23.5' ],
80 silly audit   '@tiptap/extension-list-item': [ '3.23.5' ],
80 silly audit   '@tiptap/extension-list-keymap': [ '3.23.5' ],
80 silly audit   '@tiptap/extension-ordered-list': [ '3.23.5' ],
80 silly audit   '@tiptap/extension-paragraph': [ '3.23.5' ],
80 silly audit   '@tiptap/extension-placeholder': [ '3.23.5' ],
80 silly audit   '@tiptap/extension-strike': [ '3.23.5' ],
80 silly audit   '@tiptap/extension-text': [ '3.23.5' ],
80 silly audit   '@tiptap/extension-underline': [ '3.23.5' ],
80 silly audit   '@tiptap/extensions': [ '3.23.5' ],
80 silly audit   '@tiptap/pm': [ '3.23.5' ],
80 silly audit   '@tiptap/react': [ '3.23.5' ],
80 silly audit   '@tiptap/starter-kit': [ '3.23.5' ],
80 silly audit   '@tybys/wasm-util': [ '0.10.2' ],
80 silly audit   '@types/d3-array': [ '3.2.2' ],
80 silly audit   '@types/d3-color': [ '3.1.3' ],
80 silly audit   '@types/d3-ease': [ '3.0.2' ],
80 silly audit   '@types/d3-interpolate': [ '3.0.4' ],
80 silly audit   '@types/d3-path': [ '3.1.1' ],
80 silly audit   '@types/d3-scale': [ '4.0.9' ],
80 silly audit   '@types/d3-shape': [ '3.1.8' ],
80 silly audit   '@types/d3-time': [ '3.0.4' ],
80 silly audit   '@types/d3-timer': [ '3.0.2' ],
80 silly audit   '@types/estree': [ '1.0.9' ],
80 silly audit   '@types/json-schema': [ '7.0.15' ],
80 silly audit   '@types/json5': [ '0.0.29' ],
80 silly audit   '@types/node': [ '20.19.41' ],
80 silly audit   '@types/react': [ '19.2.14' ],
80 silly audit   '@types/react-dom': [ '19.2.3' ],
80 silly audit   '@types/use-sync-external-store': [ '0.0.6' ],
80 silly audit   '@types/uuid': [ '10.0.0' ],
80 silly audit   '@typescript-eslint/eslint-plugin': [ '8.59.3' ],
80 silly audit   ignore: [ '7.0.5', '5.3.2' ],
80 silly audit   '@typescript-eslint/parser': [ '8.59.3' ],
80 silly audit   '@typescript-eslint/project-service': [ '8.59.3' ],
80 silly audit   '@typescript-eslint/scope-manager': [ '8.59.3' ],
80 silly audit   '@typescript-eslint/tsconfig-utils': [ '8.59.3' ],
80 silly audit   '@typescript-eslint/type-utils': [ '8.59.3' ],
80 silly audit   '@typescript-eslint/types': [ '8.59.3' ],
80 silly audit   '@typescript-eslint/typescript-estree': [ '8.59.3' ],
80 silly audit   'balanced-match': [ '4.0.4', '1.0.2' ],
80 silly audit   'brace-expansion': [ '5.0.6', '1.1.14' ],
80 silly audit   minimatch: [ '10.2.5', '3.1.5' ],
80 silly audit   semver: [ '7.8.0', '6.3.1' ],
80 silly audit   '@typescript-eslint/utils': [ '8.59.3' ],
80 silly audit   '@typescript-eslint/visitor-keys': [ '8.59.3' ],
80 silly audit   '@unrs/resolver-binding-android-arm-eabi': [ '1.11.1' ],
80 silly audit   '@unrs/resolver-binding-android-arm64': [ '1.11.1' ],
80 silly audit   '@unrs/resolver-binding-darwin-arm64': [ '1.11.1' ],
80 silly audit   '@unrs/resolver-binding-darwin-x64': [ '1.11.1' ],
80 silly audit   '@unrs/resolver-binding-freebsd-x64': [ '1.11.1' ],
80 silly audit   '@unrs/resolver-binding-linux-arm-gnueabihf': [ '1.11.1' ],
80 silly audit   '@unrs/resolver-binding-linux-arm-musleabihf': [ '1.11.1' ],
80 silly audit   '@unrs/resolver-binding-linux-arm64-gnu': [ '1.11.1' ],
80 silly audit   '@unrs/resolver-binding-linux-arm64-musl': [ '1.11.1' ],
80 silly audit   '@unrs/resolver-binding-linux-ppc64-gnu': [ '1.11.1' ],
80 silly audit   '@unrs/resolver-binding-linux-riscv64-gnu': [ '1.11.1' ],
80 silly audit   '@unrs/resolver-binding-linux-riscv64-musl': [ '1.11.1' ],
80 silly audit   '@unrs/resolver-binding-linux-s390x-gnu': [ '1.11.1' ],
80 silly audit   '@unrs/resolver-binding-linux-x64-gnu': [ '1.11.1' ],
80 silly audit   '@unrs/resolver-binding-linux-x64-musl': [ '1.11.1' ],
80 silly audit   '@unrs/resolver-binding-wasm32-wasi': [ '1.11.1' ],
80 silly audit   '@unrs/resolver-binding-win32-arm64-msvc': [ '1.11.1' ],
80 silly audit   '@unrs/resolver-binding-win32-ia32-msvc': [ '1.11.1' ],
80 silly audit   '@unrs/resolver-binding-win32-x64-msvc': [ '1.11.1' ],
80 silly audit   acorn: [ '8.16.0' ],
80 silly audit   'acorn-jsx': [ '5.3.2' ],
80 silly audit   ajv: [ '6.15.0' ],
80 silly audit   'ansi-styles': [ '4.3.0' ],
80 silly audit   argparse: [ '2.0.1' ],
80 silly audit   'aria-query': [ '5.3.2' ],
80 silly audit   'array-buffer-byte-length': [ '1.0.2' ],
80 silly audit   'array-includes': [ '3.1.9' ],
80 silly audit   'array.prototype.findlast': [ '1.2.5' ],
80 silly audit   'array.prototype.findlastindex': [ '1.2.6' ],
80 silly audit   'array.prototype.flat': [ '1.3.3' ],
80 silly audit   'array.prototype.flatmap': [ '1.3.3' ],
80 silly audit   'array.prototype.tosorted': [ '1.1.4' ],
80 silly audit   'arraybuffer.prototype.slice': [ '1.0.4' ],
80 silly audit   'ast-types-flow': [ '0.0.8' ],
80 silly audit   'async-function': [ '1.0.0' ],
80 silly audit   'available-typed-arrays': [ '1.0.7' ],
80 silly audit   'axe-core': [ '4.11.4' ],
80 silly audit   'axobject-query': [ '4.1.0' ],
80 silly audit   'baseline-browser-mapping': [ '2.10.29' ],
80 silly audit   braces: [ '3.0.3' ],
80 silly audit   browserslist: [ '4.28.2' ],
80 silly audit   'call-bind': [ '1.0.9' ],
80 silly audit   'call-bind-apply-helpers': [ '1.0.2' ],
80 silly audit   'call-bound': [ '1.0.4' ],
80 silly audit   callsites: [ '3.1.0' ],
80 silly audit   'caniuse-lite': [ '1.0.30001792' ],
80 silly audit   chalk: [ '4.1.2' ],
80 silly audit   'client-only': [ '0.0.1' ],
80 silly audit   clsx: [ '2.1.1' ],
80 silly audit   'color-convert': [ '2.0.1' ],
80 silly audit   'color-name': [ '1.1.4' ],
80 silly audit   'concat-map': [ '0.0.1' ],
80 silly audit   'convert-source-map': [ '2.0.0' ],
80 silly audit   cookie: [ '0.7.2' ],
80 silly audit   'cross-spawn': [ '7.0.6' ],
80 silly audit   'css-box-model': [ '1.2.1' ],
80 silly audit   csstype: [ '3.2.3' ],
80 silly audit   'd3-array': [ '3.2.4' ],
80 silly audit   'd3-color': [ '3.1.0' ],
80 silly audit   'd3-ease': [ '3.0.1' ],
80 silly audit   'd3-format': [ '3.1.2' ],
80 silly audit   'd3-interpolate': [ '3.0.1' ],
80 silly audit   'd3-path': [ '3.1.0' ],
80 silly audit   'd3-scale': [ '4.0.2' ],
80 silly audit   'd3-shape': [ '3.2.0' ],
80 silly audit   'd3-time': [ '3.1.0' ],
80 silly audit   'd3-time-format': [ '4.1.0' ],
80 silly audit   'd3-timer': [ '3.0.1' ],
80 silly audit   'damerau-levenshtein': [ '1.0.8' ],
80 silly audit   'data-view-buffer': [ '1.0.2' ],
80 silly audit   'data-view-byte-length': [ '1.0.2' ],
80 silly audit   'data-view-byte-offset': [ '1.0.1' ],
80 silly audit   debug: [ '4.4.3', '3.2.7' ],
80 silly audit   'decimal.js-light': [ '2.5.1' ],
80 silly audit   'deep-is': [ '0.1.4' ],
80 silly audit   'define-data-property': [ '1.1.4' ],
80 silly audit   'define-properties': [ '1.2.1' ],
80 silly audit   'detect-libc': [ '2.1.2' ],
80 silly audit   doctrine: [ '2.1.0' ],
80 silly audit   'dunder-proto': [ '1.0.1' ],
80 silly audit   'electron-to-chromium': [ '1.5.356' ],
80 silly audit   'emoji-regex': [ '9.2.2' ],
80 silly audit   'es-abstract': [ '1.24.2' ],
80 silly audit   'es-define-property': [ '1.0.1' ],
80 silly audit   'es-errors': [ '1.3.0' ],
80 silly audit   'es-iterator-helpers': [ '1.3.2' ],
80 silly audit   'es-object-atoms': [ '1.1.1' ],
80 silly audit   'es-set-tostringtag': [ '2.1.0' ],
80 silly audit   'es-shim-unscopables': [ '1.1.0' ],
80 silly audit   'es-to-primitive': [ '1.3.0' ],
80 silly audit   'es-toolkit': [ '1.46.1' ],
80 silly audit   escalade: [ '3.2.0' ],
80 silly audit   'escape-string-regexp': [ '4.0.0' ],
80 silly audit   eslint: [ '9.39.4' ],
80 silly audit   'eslint-config-next': [ '16.2.6' ],
80 silly audit   globals: [ '16.4.0', '14.0.0' ],
80 silly audit   'eslint-import-resolver-node': [ '0.3.10' ],
80 silly audit   'eslint-import-resolver-typescript': [ '3.10.1' ],
80 silly audit   'eslint-module-utils': [ '2.12.1' ],
80 silly audit   'eslint-plugin-import': [ '2.32.0' ],
80 silly audit   'eslint-plugin-jsx-a11y': [ '6.10.2' ],
80 silly audit   'eslint-plugin-react': [ '7.37.5' ],
80 silly audit   'eslint-plugin-react-hooks': [ '7.1.1' ],
80 silly audit   'eslint-scope': [ '8.4.0' ],
80 silly audit   espree: [ '10.4.0' ],
80 silly audit   esquery: [ '1.7.0' ],
80 silly audit   esrecurse: [ '4.3.0' ],
80 silly audit   estraverse: [ '5.3.0' ],
80 silly audit   esutils: [ '2.0.3' ],
80 silly audit   eventemitter3: [ '5.0.4' ],
80 silly audit   'fast-deep-equal': [ '3.1.3' ],
80 silly audit   'fast-equals': [ '5.4.0' ],
80 silly audit   'fast-glob': [ '3.3.1' ],
80 silly audit   'glob-parent': [ '5.1.2', '6.0.2' ],
80 silly audit   'fast-json-stable-stringify': [ '2.1.0' ],
80 silly audit   'fast-levenshtein': [ '2.0.6' ],
80 silly audit   fastq: [ '1.20.1' ],
80 silly audit   'file-entry-cache': [ '8.0.0' ],
80 silly audit   'fill-range': [ '7.1.1' ],
80 silly audit   'find-up': [ '5.0.0' ],
80 silly audit   'flat-cache': [ '4.0.1' ],
80 silly audit   flatted: [ '3.4.2' ],
80 silly audit   'for-each': [ '0.3.5' ],
80 silly audit   'function-bind': [ '1.1.2' ],
80 silly audit   'function.prototype.name': [ '1.1.8' ],
80 silly audit   'functions-have-names': [ '1.2.3' ],
80 silly audit   'generator-function': [ '2.0.1' ],
80 silly audit   gensync: [ '1.0.0-beta.2' ],
80 silly audit   'get-intrinsic': [ '1.3.0' ],
80 silly audit   'get-proto': [ '1.0.1' ],
80 silly audit   'get-symbol-description': [ '1.1.0' ],
80 silly audit   'get-tsconfig': [ '4.14.0' ],
80 silly audit   globalthis: [ '1.0.4' ],
80 silly audit   gopd: [ '1.2.0' ],
80 silly audit   gsap: [ '3.12.2' ],
80 silly audit   'has-bigints': [ '1.1.0' ],
80 silly audit   'has-flag': [ '4.0.0' ],
80 silly audit   'has-property-descriptors': [ '1.0.2' ],
80 silly audit   'has-proto': [ '1.2.0' ],
80 silly audit   'has-symbols': [ '1.1.0' ],
80 silly audit   'has-tostringtag': [ '1.0.2' ],
80 silly audit   hasown: [ '2.0.3' ],
80 silly audit   'hermes-estree': [ '0.25.1' ],
80 silly audit   'hermes-parser': [ '0.25.1' ],
80 silly audit   'import-fresh': [ '3.3.1' ],
80 silly audit   imurmurhash: [ '0.1.4' ],
80 silly audit   'internal-slot': [ '1.1.0' ],
80 silly audit   internmap: [ '2.0.3' ],
80 silly audit   'iron-session': [ '8.0.4' ],
80 silly audit   'iron-webcrypto': [ '1.2.1' ],
80 silly audit   'is-array-buffer': [ '3.0.5' ],
80 silly audit   'is-async-function': [ '2.1.1' ],
80 silly audit   'is-bigint': [ '1.1.0' ],
80 silly audit   'is-boolean-object': [ '1.2.2' ],
80 silly audit   'is-bun-module': [ '2.0.0' ],
80 silly audit   'is-callable': [ '1.2.7' ],
80 silly audit   'is-core-module': [ '2.16.2' ],
80 silly audit   'is-data-view': [ '1.0.2' ],
80 silly audit   'is-date-object': [ '1.1.0' ],
80 silly audit   'is-extglob': [ '2.1.1' ],
80 silly audit   'is-finalizationregistry': [ '1.1.1' ],
80 silly audit   'is-generator-function': [ '1.1.2' ],
80 silly audit   'is-glob': [ '4.0.3' ],
80 silly audit   'is-map': [ '2.0.3' ],
80 silly audit   'is-negative-zero': [ '2.0.3' ],
80 silly audit   'is-number': [ '7.0.0' ],
80 silly audit   'is-number-object': [ '1.1.1' ],
80 silly audit   'is-regex': [ '1.2.1' ],
80 silly audit   'is-set': [ '2.0.3' ],
80 silly audit   'is-shared-array-buffer': [ '1.0.4' ],
80 silly audit   'is-string': [ '1.1.1' ],
80 silly audit   'is-symbol': [ '1.1.1' ],
80 silly audit   'is-typed-array': [ '1.1.15' ],
80 silly audit   'is-weakmap': [ '2.0.2' ],
80 silly audit   'is-weakref': [ '1.1.1' ],
80 silly audit   'is-weakset': [ '2.0.4' ],
80 silly audit   isarray: [ '2.0.5' ],
80 silly audit   isexe: [ '2.0.0' ],
80 silly audit   'iterator.prototype': [ '1.1.5' ],
80 silly audit   'js-tokens': [ '4.0.0' ],
80 silly audit   'js-yaml': [ '4.1.1' ],
80 silly audit   jsesc: [ '3.1.0' ],
80 silly audit   'json-buffer': [ '3.0.1' ],
80 silly audit   'json-schema-traverse': [ '0.4.1' ],
80 silly audit   'json-stable-stringify-without-jsonify': [ '1.0.1' ],
80 silly audit   json5: [ '2.2.3', '1.0.2' ],
80 silly audit   'jsx-ast-utils': [ '3.3.5' ],
80 silly audit   keyv: [ '4.5.4' ],
80 silly audit   'language-subtag-registry': [ '0.3.23' ],
80 silly audit   'language-tags': [ '1.0.9' ],
80 silly audit   lenis: [ '1.3.23' ],
80 silly audit   levn: [ '0.4.1' ],
80 silly audit   linkifyjs: [ '4.3.3' ],
80 silly audit   'locate-path': [ '6.0.0' ],
80 silly audit   'lodash.merge': [ '4.6.2' ],
80 silly audit   'loose-envify': [ '1.4.0' ],
80 silly audit   'lru-cache': [ '5.1.1' ],
80 silly audit   'math-intrinsics': [ '1.1.0' ],
80 silly audit   merge2: [ '1.4.1' ],
80 silly audit   micromatch: [ '4.0.8' ],
80 silly audit   minimist: [ '1.2.8' ],
80 silly audit   ms: [ '2.1.3' ],
80 silly audit   nanoid: [ '3.3.12' ],
80 silly audit   'napi-postinstall': [ '0.3.4' ],
80 silly audit   'natural-compare': [ '1.4.0' ],
80 silly audit   next: [ '16.2.6' ],
80 silly audit   'node-exports-info': [ '1.6.0' ],
80 silly audit   'node-releases': [ '2.0.44' ],
80 silly audit   'object-assign': [ '4.1.1' ],
80 silly audit   'object-inspect': [ '1.13.4' ],
80 silly audit   'object-keys': [ '1.1.1' ],
80 silly audit   'object.assign': [ '4.1.7' ],
80 silly audit   'object.entries': [ '1.1.9' ],
80 silly audit   'object.fromentries': [ '2.0.8' ],
80 silly audit   'object.groupby': [ '1.0.3' ],
80 silly audit   'object.values': [ '1.2.1' ],
80 silly audit   optionator: [ '0.9.4' ],
80 silly audit   orderedmap: [ '2.1.1' ],
80 silly audit   'own-keys': [ '1.0.1' ],
80 silly audit   'p-limit': [ '3.1.0' ],
80 silly audit   'p-locate': [ '5.0.0' ],
80 silly audit   'parent-module': [ '1.0.1' ],
80 silly audit   'path-exists': [ '4.0.0' ],
80 silly audit   'path-key': [ '3.1.1' ],
80 silly audit   'path-parse': [ '1.0.7' ],
80 silly audit   picocolors: [ '1.1.1' ],
80 silly audit   picomatch: [ '2.3.2', '4.0.4' ],
80 silly audit   'possible-typed-array-names': [ '1.1.0' ],
80 silly audit   postcss: [ '8.4.31' ],
80 silly audit   'prelude-ls': [ '1.2.1' ],
80 silly audit   'prop-types': [ '15.8.1' ],
80 silly audit   'prosemirror-changeset': [ '2.4.1' ],
80 silly audit   'prosemirror-commands': [ '1.7.1' ],
80 silly audit   'prosemirror-dropcursor': [ '1.8.2' ],
80 silly audit   'prosemirror-gapcursor': [ '1.4.1' ],
80 silly audit   'prosemirror-history': [ '1.5.0' ],
80 silly audit   'prosemirror-keymap': [ '1.2.3' ],
80 silly audit   'prosemirror-model': [ '1.25.7' ],
80 silly audit   'prosemirror-schema-list': [ '1.5.1' ],
80 silly audit   'prosemirror-state': [ '1.4.4' ],
80 silly audit   'prosemirror-tables': [ '1.8.5' ],
80 silly audit   'prosemirror-transform': [ '1.12.0' ],
80 silly audit   'prosemirror-view': [ '1.41.8' ],
80 silly audit   punycode: [ '2.3.1' ],
80 silly audit   'queue-microtask': [ '1.2.3' ],
80 silly audit   'raf-schd': [ '4.0.3' ],
80 silly audit   react: [ '19.2.4' ],
80 silly audit   'react-dom': [ '19.2.4' ],
80 silly audit   'react-is': [ '16.13.1' ],
80 silly audit   'react-redux': [ '9.3.0' ],
80 silly audit   recharts: [ '3.8.1' ],
80 silly audit   redux: [ '5.0.1' ],
80 silly audit   'redux-thunk': [ '3.1.0' ],
80 silly audit   'reflect.getprototypeof': [ '1.0.10' ],
80 silly audit   'regexp.prototype.flags': [ '1.5.4' ],
80 silly audit   reselect: [ '5.1.1' ],
80 silly audit   resolve: [ '2.0.0-next.7' ],
80 silly audit   'resolve-from': [ '4.0.0' ],
80 silly audit   'resolve-pkg-maps': [ '1.0.0' ],
80 silly audit   reusify: [ '1.1.0' ],
80 silly audit   'rope-sequence': [ '1.3.4' ],
80 silly audit   'run-parallel': [ '1.2.0' ],
80 silly audit   'safe-array-concat': [ '1.1.4' ],
80 silly audit   'safe-push-apply': [ '1.0.0' ],
80 silly audit   'safe-regex-test': [ '1.1.0' ],
80 silly audit   scheduler: [ '0.27.0' ],
80 silly audit   'set-function-length': [ '1.2.2' ],
80 silly audit   'set-function-name': [ '2.0.2' ],
80 silly audit   'set-proto': [ '1.0.0' ],
80 silly audit   sharp: [ '0.34.5' ],
80 silly audit   'shebang-command': [ '2.0.0' ],
80 silly audit   'shebang-regex': [ '3.0.0' ],
80 silly audit   'side-channel': [ '1.1.0' ],
80 silly audit   'side-channel-list': [ '1.0.1' ],
80 silly audit   'side-channel-map': [ '1.0.1' ],
80 silly audit   'side-channel-weakmap': [ '1.0.2' ],
80 silly audit   'source-map-js': [ '1.2.1' ],
80 silly audit   'stable-hash': [ '0.0.5' ],
80 silly audit   'stop-iteration-iterator': [ '1.1.0' ],
80 silly audit   'string.prototype.includes': [ '2.0.1' ],
80 silly audit   'string.prototype.matchall': [ '4.0.12' ],
80 silly audit   'string.prototype.repeat': [ '1.0.0' ],
80 silly audit   'string.prototype.trim': [ '1.2.10' ],
80 silly audit   'string.prototype.trimend': [ '1.0.9' ],
80 silly audit   'string.prototype.trimstart': [ '1.0.8' ],
80 silly audit   'strip-bom': [ '3.0.0' ],
80 silly audit   'strip-json-comments': [ '3.1.1' ],
80 silly audit   'styled-jsx': [ '5.1.6' ],
80 silly audit   'supports-color': [ '7.2.0' ],
80 silly audit   'supports-preserve-symlinks-flag': [ '1.0.0' ],
80 silly audit   'tiny-invariant': [ '1.3.3' ],
80 silly audit   tinyglobby: [ '0.2.16' ],
80 silly audit   fdir: [ '6.5.0' ],
80 silly audit   'to-regex-range': [ '5.0.1' ],
80 silly audit   'ts-api-utils': [ '2.5.0' ],
80 silly audit   'tsconfig-paths': [ '3.15.0' ],
80 silly audit   tslib: [ '2.8.1' ],
80 silly audit   'type-check': [ '0.4.0' ],
80 silly audit   'typed-array-buffer': [ '1.0.3' ],
80 silly audit   'typed-array-byte-length': [ '1.0.3' ],
80 silly audit   'typed-array-byte-offset': [ '1.0.4' ],
80 silly audit   'typed-array-length': [ '1.0.7' ],
80 silly audit   typescript: [ '5.9.3' ],
80 silly audit   'typescript-eslint': [ '8.59.3' ],
80 silly audit   'unbox-primitive': [ '1.1.0' ],
80 silly audit   uncrypto: [ '0.1.3' ],
80 silly audit   'undici-types': [ '6.21.0' ],
80 silly audit   'unrs-resolver': [ '1.11.1' ],
80 silly audit   'update-browserslist-db': [ '1.2.3' ],
80 silly audit   'uri-js': [ '4.4.1' ],
80 silly audit   'use-sync-external-store': [ '1.6.0' ],
80 silly audit   uuid: [ '14.0.0' ],
80 silly audit   'victory-vendor': [ '37.3.6' ],
80 silly audit   'w3c-keyname': [ '2.2.8' ],
80 silly audit   which: [ '2.0.2' ],
80 silly audit   'which-boxed-primitive': [ '1.1.1' ],
80 silly audit   'which-builtin-type': [ '1.2.1' ],
80 silly audit   'which-collection': [ '1.0.2' ],
80 silly audit   'which-typed-array': [ '1.1.20' ],
80 silly audit   'word-wrap': [ '1.2.5' ],
80 silly audit   yallist: [ '3.1.1' ],
80 silly audit   'yocto-queue': [ '0.1.0' ],
80 silly audit   zod: [ '4.4.3' ],
80 silly audit   'zod-validation-error': [ '4.0.2' ],
80 silly audit   dotenv: [ '17.4.2' ],
80 silly audit   mysql2: [ '3.22.3' ],
80 silly audit   'aws-ssl-profiles': [ '1.1.2' ],
80 silly audit   denque: [ '2.1.0' ],
80 silly audit   'generate-function': [ '2.3.1' ],
80 silly audit   'iconv-lite': [ '0.7.2' ],
80 silly audit   long: [ '5.3.2' ],
80 silly audit   'lru.min': [ '1.1.4' ],
80 silly audit   'named-placeholders': [ '1.1.6' ],
80 silly audit   'sql-escaper': [ '1.3.3' ],
80 silly audit   'is-property': [ '1.0.2' ],
80 silly audit   'safer-buffer': [ '2.1.2' ]
80 silly audit }
81 verbose reify failed optional dependency Y:\Eternyx\node_modules\@unrs\resolver-binding-win32-ia32-msvc
82 silly reify mark deleted [
82 silly reify   'Y:\\Eternyx\\node_modules\\@unrs\\resolver-binding-win32-ia32-msvc'
82 silly reify ]
83 verbose reify failed optional dependency Y:\Eternyx\node_modules\@unrs\resolver-binding-win32-arm64-msvc
84 silly reify mark deleted [
84 silly reify   'Y:\\Eternyx\\node_modules\\@unrs\\resolver-binding-win32-arm64-msvc'
84 silly reify ]
85 verbose reify failed optional dependency Y:\Eternyx\node_modules\@unrs\resolver-binding-wasm32-wasi
86 silly reify mark deleted [ 'Y:\\Eternyx\\node_modules\\@unrs\\resolver-binding-wasm32-wasi' ]
87 verbose reify failed optional dependency Y:\Eternyx\node_modules\@napi-rs\wasm-runtime
88 silly reify mark deleted [ 'Y:\\Eternyx\\node_modules\\@napi-rs\\wasm-runtime' ]
89 verbose reify failed optional dependency Y:\Eternyx\node_modules\@emnapi\core
90 silly reify mark deleted [ 'Y:\\Eternyx\\node_modules\\@emnapi\\core' ]
91 verbose reify failed optional dependency Y:\Eternyx\node_modules\@tybys\wasm-util
92 silly reify mark deleted [ 'Y:\\Eternyx\\node_modules\\@tybys\\wasm-util' ]
93 verbose reify failed optional dependency Y:\Eternyx\node_modules\@emnapi\wasi-threads
94 silly reify mark deleted [ 'Y:\\Eternyx\\node_modules\\@emnapi\\wasi-threads' ]
95 verbose reify failed optional dependency Y:\Eternyx\node_modules\@unrs\resolver-binding-linux-x64-musl
96 silly reify mark deleted [ 'Y:\\Eternyx\\node_modules\\@unrs\\resolver-binding-linux-x64-musl' ]
97 verbose reify failed optional dependency Y:\Eternyx\node_modules\@unrs\resolver-binding-linux-x64-gnu
98 silly reify mark deleted [ 'Y:\\Eternyx\\node_modules\\@unrs\\resolver-binding-linux-x64-gnu' ]
99 verbose reify failed optional dependency Y:\Eternyx\node_modules\@unrs\resolver-binding-linux-s390x-gnu
100 silly reify mark deleted [
100 silly reify   'Y:\\Eternyx\\node_modules\\@unrs\\resolver-binding-linux-s390x-gnu'
100 silly reify ]
101 verbose reify failed optional dependency Y:\Eternyx\node_modules\@unrs\resolver-binding-linux-riscv64-musl
102 silly reify mark deleted [
102 silly reify   'Y:\\Eternyx\\node_modules\\@unrs\\resolver-binding-linux-riscv64-musl'
102 silly reify ]
103 verbose reify failed optional dependency Y:\Eternyx\node_modules\@unrs\resolver-binding-linux-riscv64-gnu
104 silly reify mark deleted [
104 silly reify   'Y:\\Eternyx\\node_modules\\@unrs\\resolver-binding-linux-riscv64-gnu'
104 silly reify ]
105 verbose reify failed optional dependency Y:\Eternyx\node_modules\@unrs\resolver-binding-linux-ppc64-gnu
106 silly reify mark deleted [
106 silly reify   'Y:\\Eternyx\\node_modules\\@unrs\\resolver-binding-linux-ppc64-gnu'
106 silly reify ]
107 verbose reify failed optional dependency Y:\Eternyx\node_modules\@unrs\resolver-binding-linux-arm64-musl
108 silly reify mark deleted [
108 silly reify   'Y:\\Eternyx\\node_modules\\@unrs\\resolver-binding-linux-arm64-musl'
108 silly reify ]
109 verbose reify failed optional dependency Y:\Eternyx\node_modules\@unrs\resolver-binding-linux-arm64-gnu
110 silly reify mark deleted [
110 silly reify   'Y:\\Eternyx\\node_modules\\@unrs\\resolver-binding-linux-arm64-gnu'
110 silly reify ]
111 verbose reify failed optional dependency Y:\Eternyx\node_modules\@unrs\resolver-binding-linux-arm-musleabihf
112 silly reify mark deleted [
112 silly reify   'Y:\\Eternyx\\node_modules\\@unrs\\resolver-binding-linux-arm-musleabihf'
112 silly reify ]
113 verbose reify failed optional dependency Y:\Eternyx\node_modules\@unrs\resolver-binding-linux-arm-gnueabihf
114 silly reify mark deleted [
114 silly reify   'Y:\\Eternyx\\node_modules\\@unrs\\resolver-binding-linux-arm-gnueabihf'
114 silly reify ]
115 verbose reify failed optional dependency Y:\Eternyx\node_modules\@unrs\resolver-binding-freebsd-x64
116 silly reify mark deleted [ 'Y:\\Eternyx\\node_modules\\@unrs\\resolver-binding-freebsd-x64' ]
117 verbose reify failed optional dependency Y:\Eternyx\node_modules\@unrs\resolver-binding-darwin-x64
118 silly reify mark deleted [ 'Y:\\Eternyx\\node_modules\\@unrs\\resolver-binding-darwin-x64' ]
119 verbose reify failed optional dependency Y:\Eternyx\node_modules\@unrs\resolver-binding-darwin-arm64
120 silly reify mark deleted [ 'Y:\\Eternyx\\node_modules\\@unrs\\resolver-binding-darwin-arm64' ]
121 verbose reify failed optional dependency Y:\Eternyx\node_modules\@unrs\resolver-binding-android-arm64
122 silly reify mark deleted [ 'Y:\\Eternyx\\node_modules\\@unrs\\resolver-binding-android-arm64' ]
123 verbose reify failed optional dependency Y:\Eternyx\node_modules\@unrs\resolver-binding-android-arm-eabi
124 silly reify mark deleted [
124 silly reify   'Y:\\Eternyx\\node_modules\\@unrs\\resolver-binding-android-arm-eabi'
124 silly reify ]
125 verbose reify failed optional dependency Y:\Eternyx\node_modules\@next\swc-win32-arm64-msvc
126 silly reify mark deleted [ 'Y:\\Eternyx\\node_modules\\@next\\swc-win32-arm64-msvc' ]
127 verbose reify failed optional dependency Y:\Eternyx\node_modules\@next\swc-linux-x64-musl
128 silly reify mark deleted [ 'Y:\\Eternyx\\node_modules\\@next\\swc-linux-x64-musl' ]
129 verbose reify failed optional dependency Y:\Eternyx\node_modules\@next\swc-linux-x64-gnu
130 silly reify mark deleted [ 'Y:\\Eternyx\\node_modules\\@next\\swc-linux-x64-gnu' ]
131 verbose reify failed optional dependency Y:\Eternyx\node_modules\@next\swc-linux-arm64-musl
132 silly reify mark deleted [ 'Y:\\Eternyx\\node_modules\\@next\\swc-linux-arm64-musl' ]
133 verbose reify failed optional dependency Y:\Eternyx\node_modules\@next\swc-linux-arm64-gnu
134 silly reify mark deleted [ 'Y:\\Eternyx\\node_modules\\@next\\swc-linux-arm64-gnu' ]
135 verbose reify failed optional dependency Y:\Eternyx\node_modules\@next\swc-darwin-x64
136 silly reify mark deleted [ 'Y:\\Eternyx\\node_modules\\@next\\swc-darwin-x64' ]
137 verbose reify failed optional dependency Y:\Eternyx\node_modules\@next\swc-darwin-arm64
138 silly reify mark deleted [ 'Y:\\Eternyx\\node_modules\\@next\\swc-darwin-arm64' ]
139 verbose reify failed optional dependency Y:\Eternyx\node_modules\@img\sharp-win32-ia32
140 silly reify mark deleted [ 'Y:\\Eternyx\\node_modules\\@img\\sharp-win32-ia32' ]
141 verbose reify failed optional dependency Y:\Eternyx\node_modules\@img\sharp-win32-arm64
142 silly reify mark deleted [ 'Y:\\Eternyx\\node_modules\\@img\\sharp-win32-arm64' ]
143 verbose reify failed optional dependency Y:\Eternyx\node_modules\@img\sharp-wasm32
144 silly reify mark deleted [ 'Y:\\Eternyx\\node_modules\\@img\\sharp-wasm32' ]
145 verbose reify failed optional dependency Y:\Eternyx\node_modules\@img\sharp-linuxmusl-x64
146 silly reify mark deleted [ 'Y:\\Eternyx\\node_modules\\@img\\sharp-linuxmusl-x64' ]
147 verbose reify failed optional dependency Y:\Eternyx\node_modules\@img\sharp-linuxmusl-arm64
148 silly reify mark deleted [ 'Y:\\Eternyx\\node_modules\\@img\\sharp-linuxmusl-arm64' ]
149 verbose reify failed optional dependency Y:\Eternyx\node_modules\@img\sharp-linux-x64
150 silly reify mark deleted [ 'Y:\\Eternyx\\node_modules\\@img\\sharp-linux-x64' ]
151 verbose reify failed optional dependency Y:\Eternyx\node_modules\@img\sharp-linux-s390x
152 silly reify mark deleted [ 'Y:\\Eternyx\\node_modules\\@img\\sharp-linux-s390x' ]
153 verbose reify failed optional dependency Y:\Eternyx\node_modules\@img\sharp-linux-riscv64
154 silly reify mark deleted [ 'Y:\\Eternyx\\node_modules\\@img\\sharp-linux-riscv64' ]
155 verbose reify failed optional dependency Y:\Eternyx\node_modules\@img\sharp-linux-ppc64
156 silly reify mark deleted [ 'Y:\\Eternyx\\node_modules\\@img\\sharp-linux-ppc64' ]
157 verbose reify failed optional dependency Y:\Eternyx\node_modules\@img\sharp-linux-arm64
158 silly reify mark deleted [ 'Y:\\Eternyx\\node_modules\\@img\\sharp-linux-arm64' ]
159 verbose reify failed optional dependency Y:\Eternyx\node_modules\@img\sharp-linux-arm
160 silly reify mark deleted [ 'Y:\\Eternyx\\node_modules\\@img\\sharp-linux-arm' ]
161 verbose reify failed optional dependency Y:\Eternyx\node_modules\@img\sharp-libvips-linuxmusl-x64
162 silly reify mark deleted [ 'Y:\\Eternyx\\node_modules\\@img\\sharp-libvips-linuxmusl-x64' ]
163 verbose reify failed optional dependency Y:\Eternyx\node_modules\@img\sharp-libvips-linuxmusl-arm64
164 silly reify mark deleted [ 'Y:\\Eternyx\\node_modules\\@img\\sharp-libvips-linuxmusl-arm64' ]
165 verbose reify failed optional dependency Y:\Eternyx\node_modules\@img\sharp-libvips-linux-x64
166 silly reify mark deleted [ 'Y:\\Eternyx\\node_modules\\@img\\sharp-libvips-linux-x64' ]
167 verbose reify failed optional dependency Y:\Eternyx\node_modules\@img\sharp-libvips-linux-s390x
168 silly reify mark deleted [ 'Y:\\Eternyx\\node_modules\\@img\\sharp-libvips-linux-s390x' ]
169 verbose reify failed optional dependency Y:\Eternyx\node_modules\@img\sharp-libvips-linux-riscv64
170 silly reify mark deleted [ 'Y:\\Eternyx\\node_modules\\@img\\sharp-libvips-linux-riscv64' ]
171 verbose reify failed optional dependency Y:\Eternyx\node_modules\@img\sharp-libvips-linux-ppc64
172 silly reify mark deleted [ 'Y:\\Eternyx\\node_modules\\@img\\sharp-libvips-linux-ppc64' ]
173 verbose reify failed optional dependency Y:\Eternyx\node_modules\@img\sharp-libvips-linux-arm64
174 silly reify mark deleted [ 'Y:\\Eternyx\\node_modules\\@img\\sharp-libvips-linux-arm64' ]
175 verbose reify failed optional dependency Y:\Eternyx\node_modules\@img\sharp-libvips-linux-arm
176 silly reify mark deleted [ 'Y:\\Eternyx\\node_modules\\@img\\sharp-libvips-linux-arm' ]
177 verbose reify failed optional dependency Y:\Eternyx\node_modules\@img\sharp-libvips-darwin-x64
178 silly reify mark deleted [ 'Y:\\Eternyx\\node_modules\\@img\\sharp-libvips-darwin-x64' ]
179 verbose reify failed optional dependency Y:\Eternyx\node_modules\@img\sharp-libvips-darwin-arm64
180 silly reify mark deleted [ 'Y:\\Eternyx\\node_modules\\@img\\sharp-libvips-darwin-arm64' ]
181 verbose reify failed optional dependency Y:\Eternyx\node_modules\@img\sharp-darwin-x64
182 silly reify mark deleted [ 'Y:\\Eternyx\\node_modules\\@img\\sharp-darwin-x64' ]
183 verbose reify failed optional dependency Y:\Eternyx\node_modules\@img\sharp-darwin-arm64
184 silly reify mark deleted [ 'Y:\\Eternyx\\node_modules\\@img\\sharp-darwin-arm64' ]
185 http cache safer-buffer@https://registry.npmjs.org/safer-buffer/-/safer-buffer-2.1.2.tgz 0ms (cache hit)
186 http cache named-placeholders@https://registry.npmjs.org/named-placeholders/-/named-placeholders-1.1.6.tgz 0ms (cache hit)
187 http cache sql-escaper@https://registry.npmjs.org/sql-escaper/-/sql-escaper-1.3.3.tgz 0ms (cache hit)
188 http cache is-property@https://registry.npmjs.org/is-property/-/is-property-1.0.2.tgz 0ms (cache hit)
189 http cache lru.min@https://registry.npmjs.org/lru.min/-/lru.min-1.1.4.tgz 0ms (cache hit)
190 http cache iconv-lite@https://registry.npmjs.org/iconv-lite/-/iconv-lite-0.7.2.tgz 0ms (cache hit)
191 http cache long@https://registry.npmjs.org/long/-/long-5.3.2.tgz 0ms (cache hit)
192 http cache generate-function@https://registry.npmjs.org/generate-function/-/generate-function-2.3.1.tgz 0ms (cache hit)
193 http cache denque@https://registry.npmjs.org/denque/-/denque-2.1.0.tgz 0ms (cache hit)
194 http cache aws-ssl-profiles@https://registry.npmjs.org/aws-ssl-profiles/-/aws-ssl-profiles-1.1.2.tgz 0ms (cache hit)
195 http cache mysql2@https://registry.npmjs.org/mysql2/-/mysql2-3.22.3.tgz 0ms (cache hit)
196 http cache dotenv@https://registry.npmjs.org/dotenv/-/dotenv-17.4.2.tgz 0ms (cache hit)
197 http cache @napi-rs/wasm-runtime@https://registry.npmjs.org/@napi-rs/wasm-runtime/-/wasm-runtime-0.2.12.tgz 0ms (cache hit)
198 http cache @tybys/wasm-util@https://registry.npmjs.org/@tybys/wasm-util/-/wasm-util-0.10.2.tgz 0ms (cache hit)
199 silly tarball no local data for safer-buffer@https://registry.npmjs.org/safer-buffer/-/safer-buffer-2.1.2.tgz. Extracting by manifest.
200 silly tarball no local data for named-placeholders@https://registry.npmjs.org/named-placeholders/-/named-placeholders-1.1.6.tgz. Extracting by manifest.
201 silly tarball no local data for sql-escaper@https://registry.npmjs.org/sql-escaper/-/sql-escaper-1.3.3.tgz. Extracting by manifest.
202 silly tarball no local data for is-property@https://registry.npmjs.org/is-property/-/is-property-1.0.2.tgz. Extracting by manifest.
203 silly tarball no local data for lru.min@https://registry.npmjs.org/lru.min/-/lru.min-1.1.4.tgz. Extracting by manifest.
204 silly tarball no local data for iconv-lite@https://registry.npmjs.org/iconv-lite/-/iconv-lite-0.7.2.tgz. Extracting by manifest.
205 silly tarball no local data for long@https://registry.npmjs.org/long/-/long-5.3.2.tgz. Extracting by manifest.
206 silly tarball no local data for generate-function@https://registry.npmjs.org/generate-function/-/generate-function-2.3.1.tgz. Extracting by manifest.
207 silly tarball no local data for denque@https://registry.npmjs.org/denque/-/denque-2.1.0.tgz. Extracting by manifest.
208 silly tarball no local data for aws-ssl-profiles@https://registry.npmjs.org/aws-ssl-profiles/-/aws-ssl-profiles-1.1.2.tgz. Extracting by manifest.
209 silly tarball no local data for mysql2@https://registry.npmjs.org/mysql2/-/mysql2-3.22.3.tgz. Extracting by manifest.
210 silly tarball no local data for dotenv@https://registry.npmjs.org/dotenv/-/dotenv-17.4.2.tgz. Extracting by manifest.
211 silly tarball no local data for @napi-rs/wasm-runtime@https://registry.npmjs.org/@napi-rs/wasm-runtime/-/wasm-runtime-0.2.12.tgz. Extracting by manifest.
212 silly tarball no local data for @tybys/wasm-util@https://registry.npmjs.org/@tybys/wasm-util/-/wasm-util-0.10.2.tgz. Extracting by manifest.
213 http cache @emnapi/core@https://registry.npmjs.org/@emnapi/core/-/core-1.10.0.tgz 0ms (cache hit)
214 http cache @emnapi/wasi-threads@https://registry.npmjs.org/@emnapi/wasi-threads/-/wasi-threads-1.2.1.tgz 0ms (cache hit)
215 silly tarball no local data for @emnapi/core@https://registry.npmjs.org/@emnapi/core/-/core-1.10.0.tgz. Extracting by manifest.
216 silly tarball no local data for @emnapi/wasi-threads@https://registry.npmjs.org/@emnapi/wasi-threads/-/wasi-threads-1.2.1.tgz. Extracting by manifest.
217 http fetch GET 200 https://registry.npmjs.org/named-placeholders/-/named-placeholders-1.1.6.tgz 239ms (cache miss)
218 http fetch POST 200 https://registry.npmjs.org/-/npm/v1/security/advisories/bulk 295ms
219 silly audit report {
219 silly audit report   postcss: [
219 silly audit report     {
219 silly audit report       id: 1117015,
219 silly audit report       url: 'https://github.com/advisories/GHSA-qx2v-qp2m-jg93',
219 silly audit report       title: 'PostCSS has XSS via Unescaped </style> in its CSS Stringify Output',
219 silly audit report       severity: 'moderate',
219 silly audit report       vulnerable_versions: '<8.5.10',
219 silly audit report       cwe: [Array],
219 silly audit report       cvss: [Object]
219 silly audit report     }
219 silly audit report   ]
219 silly audit report }
220 silly packumentCache corgi:https://registry.npmjs.org/postcss cache-miss
221 http fetch GET 200 https://registry.npmjs.org/safer-buffer/-/safer-buffer-2.1.2.tgz 316ms (cache miss)
222 http fetch GET 200 https://registry.npmjs.org/is-property/-/is-property-1.0.2.tgz 688ms (cache miss)
223 http fetch GET 200 https://registry.npmjs.org/generate-function/-/generate-function-2.3.1.tgz 756ms (cache miss)
224 http fetch GET 200 https://registry.npmjs.org/sql-escaper/-/sql-escaper-1.3.3.tgz 782ms (cache miss)
225 http fetch GET 200 https://registry.npmjs.org/denque/-/denque-2.1.0.tgz 798ms (cache miss)
226 http fetch GET 200 https://registry.npmjs.org/long/-/long-5.3.2.tgz 844ms (cache miss)
227 http fetch GET 200 https://registry.npmjs.org/lru.min/-/lru.min-1.1.4.tgz 891ms (cache miss)
228 http fetch GET 200 https://registry.npmjs.org/postcss 630ms (cache miss)
229 silly packumentCache corgi:https://registry.npmjs.org/postcss set size:undefined disposed:false
230 silly packumentCache corgi:https://registry.npmjs.org/next cache-miss
231 http fetch GET 200 https://registry.npmjs.org/@emnapi/wasi-threads/-/wasi-threads-1.2.1.tgz 1003ms (cache miss)
232 http fetch GET 200 https://registry.npmjs.org/aws-ssl-profiles/-/aws-ssl-profiles-1.1.2.tgz 1059ms (cache miss)
233 http fetch GET 200 https://registry.npmjs.org/dotenv/-/dotenv-17.4.2.tgz 1061ms (cache miss)
234 http fetch GET 200 https://registry.npmjs.org/@emnapi/core/-/core-1.10.0.tgz 1861ms (cache miss)
235 http fetch GET 200 https://registry.npmjs.org/iconv-lite/-/iconv-lite-0.7.2.tgz 1937ms (cache miss)
236 http fetch GET 200 https://registry.npmjs.org/@tybys/wasm-util/-/wasm-util-0.10.2.tgz 2179ms (cache miss)
237 http fetch GET 200 https://registry.npmjs.org/@napi-rs/wasm-runtime/-/wasm-runtime-0.2.12.tgz 2391ms (cache miss)
238 http fetch GET 200 https://registry.npmjs.org/mysql2/-/mysql2-3.22.3.tgz 2467ms (cache miss)
239 http fetch GET 200 https://registry.npmjs.org/next 2164ms (cache miss)
240 silly packumentCache corgi:https://registry.npmjs.org/next set size:undefined disposed:false
241 silly ADD node_modules/safer-buffer
242 silly ADD node_modules/is-property
243 silly ADD node_modules/sql-escaper
244 silly ADD node_modules/named-placeholders
245 silly ADD node_modules/lru.min
246 silly ADD node_modules/long
247 silly ADD node_modules/iconv-lite
248 silly ADD node_modules/generate-function
249 silly ADD node_modules/denque
250 silly ADD node_modules/aws-ssl-profiles
251 silly ADD node_modules/mysql2
252 silly ADD node_modules/dotenv
253 silly ADD
254 silly ADD
255 silly ADD
256 silly ADD
257 silly ADD
258 silly ADD
259 silly ADD
260 silly ADD
261 silly ADD
262 silly ADD
263 silly ADD
264 silly ADD
265 silly ADD
266 silly ADD
267 silly ADD
268 silly ADD
269 silly ADD
270 silly ADD
271 silly ADD
272 silly ADD
273 silly ADD
274 silly ADD
275 silly ADD
276 silly ADD
277 silly ADD
278 silly ADD
279 silly ADD
280 silly ADD
281 silly ADD
282 silly ADD
283 silly ADD
284 silly ADD
285 silly ADD
286 silly ADD
287 silly ADD
288 silly ADD
289 silly ADD
290 silly ADD
291 silly ADD
292 silly ADD
293 silly ADD
294 silly ADD
295 silly ADD
296 silly ADD
297 silly ADD
298 silly ADD
299 silly ADD
300 silly ADD
301 silly ADD
302 silly ADD
303 silly ADD
304 silly ADD
305 verbose cwd Y:\Eternyx
306 verbose os Windows_NT 10.0.26200
307 verbose node v22.15.0
308 verbose npm  v10.9.2
309 notice
309 notice New [31mmajor[39m version of npm available! [31m10.9.2[39m -> [34m11.15.0[39m
309 notice Changelog: [34mhttps://github.com/npm/cli/releases/tag/v11.15.0[39m
309 notice To update run: [4mnpm install -g npm@11.15.0[24m
309 notice  { force: true, [Symbol(proc-log.meta)]: true }
310 verbose exit 0
311 info ok
